[2013-01-24 00:37:23] request.ERROR: Symfony\Component\HttpKernel\Exception\NotFoundHttpException: No route found for "GET /app/check.php" (uncaught exception) at /Users/emilioalvarez/www/SimpleAdmin/vendor/symfony/symfony/src/Symfony/Component/HttpKernel/EventListener/RouterListener.php line 92 [] []
[2013-01-24 00:37:42] request.ERROR: Symfony\Component\HttpKernel\Exception\NotFoundHttpException: No route found for "GET /web/check.php" (uncaught exception) at /Users/emilioalvarez/www/SimpleAdmin/vendor/symfony/symfony/src/Symfony/Component/HttpKernel/EventListener/RouterListener.php line 92 [] []
[2013-01-24 00:37:52] request.ERROR: Symfony\Component\HttpKernel\Exception\NotFoundHttpException: No route found for "GET /app/web/check.php" (uncaught exception) at /Users/emilioalvarez/www/SimpleAdmin/app/cache/prod/classes.php line 5219 [] []
[2013-01-24 00:38:04] request.ERROR: Symfony\Component\HttpKernel\Exception\NotFoundHttpException: No route found for "GET /app/web/config.php" (uncaught exception) at /Users/emilioalvarez/www/SimpleAdmin/app/cache/prod/classes.php line 5219 [] []
[2013-01-24 00:58:50] request.ERROR: Symfony\Component\HttpKernel\Exception\NotFoundHttpException: No route found for "GET /" (uncaught exception) at /Users/emilioalvarez/www/SimpleAdmin/app/cache/prod/classes.php line 5219 [] []
[2013-01-24 00:58:53] request.ERROR: Symfony\Component\HttpKernel\Exception\NotFoundHttpException: No route found for "GET /" (uncaught exception) at /Users/emilioalvarez/www/SimpleAdmin/app/cache/prod/classes.php line 5219 [] []
[2013-01-24 00:58:57] request.ERROR: Symfony\Component\HttpKernel\Exception\NotFoundHttpException: No route found for "GET /" (uncaught exception) at /Users/emilioalvarez/www/SimpleAdmin/app/cache/prod/classes.php line 5219 [] []
[2013-01-24 00:59:13] request.ERROR: Symfony\Component\HttpKernel\Exception\NotFoundHttpException: No route found for "GET /index.php" (uncaught exception) at /Users/emilioalvarez/www/SimpleAdmin/app/cache/prod/classes.php line 5219 [] []
[2013-01-24 00:59:24] request.ERROR: Symfony\Component\HttpKernel\Exception\NotFoundHttpException: No route found for "GET /web" (uncaught exception) at /Users/emilioalvarez/www/SimpleAdmin/app/cache/prod/classes.php line 5219 [] []
[2013-01-24 00:59:35] request.ERROR: Symfony\Component\HttpKernel\Exception\NotFoundHttpException: No route found for "GET /" (uncaught exception) at /Users/emilioalvarez/www/SimpleAdmin/app/cache/prod/classes.php line 5219 [] []
[2013-01-24 01:02:17] request.ERROR: Symfony\Component\HttpKernel\Exception\NotFoundHttpException: No route found for "HEAD /" (uncaught exception) at /Users/emilioalvarez/www/SimpleAdmin/app/cache/prod/classes.php line 5219 [] []
[2013-01-24 01:02:17] request.ERROR: Symfony\Component\HttpKernel\Exception\NotFoundHttpException: No route found for "HEAD /" (uncaught exception) at /Users/emilioalvarez/www/SimpleAdmin/app/cache/prod/classes.php line 5219 [] []
[2013-01-24 01:02:34] request.ERROR: Symfony\Component\HttpKernel\Exception\NotFoundHttpException: No route found for "HEAD /" (uncaught exception) at /Users/emilioalvarez/www/SimpleAdmin/app/cache/prod/classes.php line 5219 [] []
[2013-01-24 01:02:43] request.ERROR: Symfony\Component\HttpKernel\Exception\NotFoundHttpException: No route found for "HEAD /" (uncaught exception) at /Users/emilioalvarez/www/SimpleAdmin/app/cache/prod/classes.php line 5219 [] []
[2013-01-28 09:40:19] request.ERROR: Symfony\Component\HttpKernel\Exception\NotFoundHttpException: No route found for "GET /api/info/test/rest" (uncaught exception) at /Users/emilioalvarez/www/SimpleAdmin/app/cache/prod/classes.php line 5219 [] []
[2013-01-28 09:41:37] request.ERROR: Symfony\Component\HttpKernel\Exception\NotFoundHttpException: No route found for "GET /api/info/test/rest" (uncaught exception) at /Users/emilioalvarez/www/SimpleAdmin/app/cache/prod/classes.php line 5219 [] []
[2013-01-28 09:45:55] request.ERROR: Symfony\Component\HttpKernel\Exception\NotFoundHttpException: No route found for "GET /" (uncaught exception) at /Users/emilioalvarez/www/SimpleAdmin/app/cache/prod/classes.php line 5219 [] []
[2013-01-28 09:46:08] request.ERROR: Symfony\Component\HttpKernel\Exception\NotFoundHttpException: No route found for "GET /api" (uncaught exception) at /Users/emilioalvarez/www/SimpleAdmin/app/cache/prod/classes.php line 5219 [] []
[2013-01-28 09:46:12] request.ERROR: Symfony\Component\HttpKernel\Exception\NotFoundHttpException: No route found for "GET /" (uncaught exception) at /Users/emilioalvarez/www/SimpleAdmin/app/cache/prod/classes.php line 5219 [] []
[2013-01-28 09:47:37] request.ERROR: Symfony\Component\HttpKernel\Exception\NotFoundHttpException: No route found for "GET /hello/test" (uncaught exception) at /Users/emilioalvarez/www/SimpleAdmin/app/cache/prod/classes.php line 5219 [] []
[2013-01-28 09:52:41] request.ERROR: Symfony\Component\HttpKernel\Exception\NotFoundHttpException: No route found for "GET /hello/test" (uncaught exception) at /Users/emilioalvarez/www/SimpleAdmin/app/cache/prod/classes.php line 5219 [] []
[2013-01-28 09:52:42] request.ERROR: Symfony\Component\HttpKernel\Exception\NotFoundHttpException: No route found for "GET /hello/test" (uncaught exception) at /Users/emilioalvarez/www/SimpleAdmin/app/cache/prod/classes.php line 5219 [] []
[2013-01-28 09:52:43] request.ERROR: Symfony\Component\HttpKernel\Exception\NotFoundHttpException: No route found for "GET /hello/test" (uncaught exception) at /Users/emilioalvarez/www/SimpleAdmin/app/cache/prod/classes.php line 5219 [] []
[2013-01-28 09:52:44] request.ERROR: Symfony\Component\HttpKernel\Exception\NotFoundHttpException: No route found for "GET /hello/test" (uncaught exception) at /Users/emilioalvarez/www/SimpleAdmin/app/cache/prod/classes.php line 5219 [] []
[2013-01-28 09:52:47] request.ERROR: Symfony\Component\HttpKernel\Exception\NotFoundHttpException: No route found for "GET /hello/testddd" (uncaught exception) at /Users/emilioalvarez/www/SimpleAdmin/app/cache/prod/classes.php line 5219 [] []
[2013-01-28 09:58:34] request.ERROR: Symfony\Component\HttpKernel\Exception\NotFoundHttpException: No route found for "GET /" (uncaught exception) at /Users/emilioalvarez/www/SimpleAdmin/app/cache/prod/classes.php line 5219 [] []
